<?xml version="1.0" encoding="UTF-8"?>
<!-- Generated by org.testng.reporters.JUnitXMLReporter -->
<testsuite ignored="1" hostname="Sidharth_Dugane" failures="0" tests="15" name="FirstSuiteRunner" time="0.614" errors="0" timestamp="2022-09-02T23:36:52 IST">
  <testcase classname="co.testngpractice.SampleTestCases" name="Test1" time="0.036"/>
  <testcase classname="co.testngpractice.SampleTestCases" name="Test2" time="0.002"/>
  <testcase classname="co.testngpractice.SampleTestCases" name="Test3" time="0.009"/>
  <testcase classname="co.testngpractice.SampleTestCases" name="Test4" time="0.022"/>
  <testcase classname="co.testngpractice.Groupings" name="mytest1" time="0.007"/>
  <testcase classname="co.testngpractice.Groupings" name="mytest2" time="0.009"/>
  <testcase classname="co.testngpractice.Groupings" name="mytest3" time="0.013"/>
  <testcase classname="co.testngpractice.Groupings" name="mytest4" time="0.012"/>
  <testcase classname="co.testngpractice.AddingPriorities" name="Test4" time="0.012"/>
  <testcase classname="co.testngpractice.AddingPriorities" name="Test3" time="0.007"/>
  <testcase classname="co.testngpractice.AddingPriorities" name="Test2" time="0.004"/>
  <testcase classname="co.testngpractice.AddingPriorities" name="Test1" time="0.005"/>
  <testcase classname="co.testngpractice.SkippingTestCases" name="Test2" time="0.004">
    <skipped/>
  </testcase> <!-- Test2 -->
  <testcase classname="co.testngpractice.SkippingTestCases" name="Test3" time="0.008"/>
  <testcase classname="co.testngpractice.SkippingTestCases" name="Test4" time="0.003"/>
  <testcase classname="co.testngpractice.SkippingTestCases" name="Test1" time="0.0">
    <ignored/>
  </testcase> <!-- Test1 -->
</testsuite> <!-- FirstSuiteRunner -->
