<?xml version="1.0" encoding="UTF-8"?>
<!-- Generated by org.testng.reporters.JUnitXMLReporter -->
<testsuite ignored="4" hostname="Sidharth_Dugane" failures="0" tests="4" name="GRP-regression" time="0.332" errors="0" timestamp="2022-08-28T14:42:43 IST">
  <testcase classname="co.testngpractice.Groupings" name="mytest1" time="0.029"/>
  <testcase classname="co.testngpractice.Groupings" name="mytest2" time="0.03"/>
  <testcase classname="co.testngpractice.SkippingTestCases" name="Test2" time="0.013"/>
  <testcase classname="co.testngpractice.SkippingTestCases" name="Test3" time="0.007"/>
  <testcase classname="co.testngpractice.Groupings" name="mytest3" time="0.0">
    <ignored/>
  </testcase> <!-- mytest3 -->
  <testcase classname="co.testngpractice.Groupings" name="mytest4" time="0.0">
    <ignored/>
  </testcase> <!-- mytest4 -->
  <testcase classname="co.testngpractice.SkippingTestCases" name="Test4" time="0.0">
    <ignored/>
  </testcase> <!-- Test4 -->
  <testcase classname="co.testngpractice.SkippingTestCases" name="Test1" time="0.0">
    <ignored/>
  </testcase> <!-- Test1 -->
</testsuite> <!-- GRP-regression -->
