<?xml version="1.0" encoding="UTF-8"?>
<testng-results ignored="0" total="1" passed="1" failed="0" skipped="0">
  <reporter-output>
  </reporter-output>
  <suite started-at="2022-09-16T00:20:49 IST" name="Default suite" finished-at="2022-09-16T00:21:10 IST" duration-ms="21579">
    <groups>
    </groups>
    <test started-at="2022-09-16T00:20:49 IST" name="Default test" finished-at="2022-09-16T00:21:10 IST" duration-ms="21579">
      <class name="Selenium.Locators">
        <test-method is-config="true" signature="launch()[pri:0, instance:Selenium.Locators@71a8adcf]" started-at="2022-09-16T00:20:49 IST" name="launch" description="Lanunching the browser" finished-at="2022-09-16T00:21:03 IST" duration-ms="13986" status="PASS">
          <reporter-output>
          </reporter-output>
        </test-method> <!-- launch -->
        <test-method signature="locator()[pri:0, instance:Selenium.Locators@71a8adcf]" started-at="2022-09-16T00:21:03 IST" name="locator" finished-at="2022-09-16T00:21:09 IST" duration-ms="6216" status="PASS">
          <reporter-output>
          </reporter-output>
        </test-method> <!-- locator -->
        <test-method is-config="true" signature="teardown()[pri:0, instance:Selenium.Locators@71a8adcf]" started-at="2022-09-16T00:21:09 IST" name="teardown" description="Closing the all windows" finished-at="2022-09-16T00:21:10 IST" duration-ms="1242" status="PASS">
          <reporter-output>
          </reporter-output>
        </test-method> <!-- teardown -->
      </class> <!-- Selenium.Locators -->
    </test> <!-- Default test -->
  </suite> <!-- Default suite -->
</testng-results>
